ERROR - 2024-06-14 17:44:51 --> Error connecting to the database: mysqli_sql_exception: No connection could be made because the target machine actively refused it in C:\xampp\htdocs\ci_spp\system\Database\MySQLi\Connection.php:186
Stack trace:
#0 C:\xampp\htdocs\ci_spp\system\Database\MySQLi\Connection.php(186): mysqli->real_connect('localhost', 'root', Object(SensitiveParameterValue), 'spp', 3306, '', 0)
#1 C:\xampp\htdocs\ci_spp\system\Database\BaseConnection.php(421): CodeIgniter\Database\MySQLi\Connection->connect(false)
#2 C:\xampp\htdocs\ci_spp\system\Database\BaseConnection.php(604): CodeIgniter\Database\BaseConnection->initialize()
#3 C:\xampp\htdocs\ci_spp\system\Database\BaseBuilder.php(1629): CodeIgniter\Database\BaseConnection->query('SELECT *\nFROM `...', Array, false)
#4 C:\xampp\htdocs\ci_spp\system\Model.php(275): CodeIgniter\Database\BaseBuilder->get()
#5 C:\xampp\htdocs\ci_spp\system\BaseModel.php(676): CodeIgniter\Model->doFindAll(0, 0)
#6 C:\xampp\htdocs\ci_spp\app\Models\Jurusan_model.php(26): CodeIgniter\BaseModel->findAll()
#7 C:\xampp\htdocs\ci_spp\app\Controllers\Jurusan.php(21): App\Models\Jurusan_model->getAll()
#8 C:\xampp\htdocs\ci_spp\system\CodeIgniter.php(933): App\Controllers\Jurusan->index()
#9 C:\xampp\htdocs\ci_spp\system\CodeIgniter.php(509): CodeIgniter\CodeIgniter->runController(Object(App\Controllers\Jurusan))
#10 C:\xampp\htdocs\ci_spp\system\CodeIgniter.php(355): CodeIgniter\CodeIgniter->handleRequest(NULL, Object(Config\Cache), false)
#11 C:\xampp\htdocs\ci_spp\system\Boot.php(312): CodeIgniter\CodeIgniter->run()
#12 C:\xampp\htdocs\ci_spp\system\Boot.php(67): CodeIgniter\Boot::runCodeIgniter(Object(CodeIgniter\CodeIgniter))
#13 C:\xampp\htdocs\ci_spp\public\index.php(56): CodeIgniter\Boot::bootWeb(Object(Config\Paths))
#14 C:\xampp\htdocs\ci_spp\system\Commands\Server\rewrite.php(49): require_once('C:\\xampp\\htdocs...')
#15 {main}

Next CodeIgniter\Database\Exceptions\DatabaseException: No connection could be made because the target machine actively refused it in C:\xampp\htdocs\ci_spp\system\Database\MySQLi\Connection.php:231
Stack trace:
#0 C:\xampp\htdocs\ci_spp\system\Database\BaseConnection.php(421): CodeIgniter\Database\MySQLi\Connection->connect(false)
#1 C:\xampp\htdocs\ci_spp\system\Database\BaseConnection.php(604): CodeIgniter\Database\BaseConnection->initialize()
#2 C:\xampp\htdocs\ci_spp\system\Database\BaseBuilder.php(1629): CodeIgniter\Database\BaseConnection->query('SELECT *\nFROM `...', Array, false)
#3 C:\xampp\htdocs\ci_spp\system\Model.php(275): CodeIgniter\Database\BaseBuilder->get()
#4 C:\xampp\htdocs\ci_spp\system\BaseModel.php(676): CodeIgniter\Model->doFindAll(0, 0)
#5 C:\xampp\htdocs\ci_spp\app\Models\Jurusan_model.php(26): CodeIgniter\BaseModel->findAll()
#6 C:\xampp\htdocs\ci_spp\app\Controllers\Jurusan.php(21): App\Models\Jurusan_model->getAll()
#7 C:\xampp\htdocs\ci_spp\system\CodeIgniter.php(933): App\Controllers\Jurusan->index()
#8 C:\xampp\htdocs\ci_spp\system\CodeIgniter.php(509): CodeIgniter\CodeIgniter->runController(Object(App\Controllers\Jurusan))
#9 C:\xampp\htdocs\ci_spp\system\CodeIgniter.php(355): CodeIgniter\CodeIgniter->handleRequest(NULL, Object(Config\Cache), false)
#10 C:\xampp\htdocs\ci_spp\system\Boot.php(312): CodeIgniter\CodeIgniter->run()
#11 C:\xampp\htdocs\ci_spp\system\Boot.php(67): CodeIgniter\Boot::runCodeIgniter(Object(CodeIgniter\CodeIgniter))
#12 C:\xampp\htdocs\ci_spp\public\index.php(56): CodeIgniter\Boot::bootWeb(Object(Config\Paths))
#13 C:\xampp\htdocs\ci_spp\system\Commands\Server\rewrite.php(49): require_once('C:\\xampp\\htdocs...')
#14 {main}
CRITICAL - 2024-06-14 17:44:51 --> CodeIgniter\Database\Exceptions\DatabaseException: Unable to connect to the database.
Main connection [MySQLi]: No connection could be made because the target machine actively refused it
[Method: GET, Route: jurusan]
in SYSTEMPATH\Database\BaseConnection.php on line 457.
 1 SYSTEMPATH\Database\BaseConnection.php(604): CodeIgniter\Database\BaseConnection->initialize()
 2 SYSTEMPATH\Database\BaseBuilder.php(1629): CodeIgniter\Database\BaseConnection->query('SELECT *
FROM `jurusan`
ORDER BY `id_jurusan` ASC', [], false)
 3 SYSTEMPATH\Model.php(275): CodeIgniter\Database\BaseBuilder->get()
 4 SYSTEMPATH\BaseModel.php(676): CodeIgniter\Model->doFindAll(0, 0)
 5 APPPATH\Models\Jurusan_model.php(26): CodeIgniter\BaseModel->findAll()
 6 APPPATH\Controllers\Jurusan.php(21): App\Models\Jurusan_model->getAll()
 7 SYSTEMPATH\CodeIgniter.php(933): App\Controllers\Jurusan->index()
 8 SYSTEMPATH\CodeIgniter.php(509): CodeIgniter\CodeIgniter->runController(Object(App\Controllers\Jurusan))
 9 SYSTEMPATH\CodeIgniter.php(355): CodeIgniter\CodeIgniter->handleRequest(null, Object(Config\Cache), false)
10 SYSTEMPATH\Boot.php(312): CodeIgniter\CodeIgniter->run()
11 SYSTEMPATH\Boot.php(67): CodeIgniter\Boot::runCodeIgniter(Object(CodeIgniter\CodeIgniter))
12 FCPATH\index.php(56): CodeIgniter\Boot::bootWeb(Object(Config\Paths))
13 SYSTEMPATH\Commands\Server\rewrite.php(49): require_once('C:\\xampp\\htdocs\\ci_spp\\public\\index.php')
ERROR - 2024-06-14 17:44:56 --> Error connecting to the database: mysqli_sql_exception: No connection could be made because the target machine actively refused it in C:\xampp\htdocs\ci_spp\system\Database\MySQLi\Connection.php:186
Stack trace:
#0 C:\xampp\htdocs\ci_spp\system\Database\MySQLi\Connection.php(186): mysqli->real_connect('localhost', 'root', Object(SensitiveParameterValue), 'spp', 3306, '', 0)
#1 C:\xampp\htdocs\ci_spp\system\Database\BaseConnection.php(421): CodeIgniter\Database\MySQLi\Connection->connect(false)
#2 C:\xampp\htdocs\ci_spp\system\Database\BaseConnection.php(604): CodeIgniter\Database\BaseConnection->initialize()
#3 C:\xampp\htdocs\ci_spp\system\Database\BaseBuilder.php(1629): CodeIgniter\Database\BaseConnection->query('SELECT *\nFROM `...', Array, false)
#4 C:\xampp\htdocs\ci_spp\system\Model.php(275): CodeIgniter\Database\BaseBuilder->get()
#5 C:\xampp\htdocs\ci_spp\system\BaseModel.php(676): CodeIgniter\Model->doFindAll(0, 0)
#6 C:\xampp\htdocs\ci_spp\app\Models\Kelas_model.php(26): CodeIgniter\BaseModel->findAll()
#7 C:\xampp\htdocs\ci_spp\app\Controllers\Kelas.php(21): App\Models\Kelas_model->getAll()
#8 C:\xampp\htdocs\ci_spp\system\CodeIgniter.php(933): App\Controllers\Kelas->index()
#9 C:\xampp\htdocs\ci_spp\system\CodeIgniter.php(509): CodeIgniter\CodeIgniter->runController(Object(App\Controllers\Kelas))
#10 C:\xampp\htdocs\ci_spp\system\CodeIgniter.php(355): CodeIgniter\CodeIgniter->handleRequest(NULL, Object(Config\Cache), false)
#11 C:\xampp\htdocs\ci_spp\system\Boot.php(312): CodeIgniter\CodeIgniter->run()
#12 C:\xampp\htdocs\ci_spp\system\Boot.php(67): CodeIgniter\Boot::runCodeIgniter(Object(CodeIgniter\CodeIgniter))
#13 C:\xampp\htdocs\ci_spp\public\index.php(56): CodeIgniter\Boot::bootWeb(Object(Config\Paths))
#14 C:\xampp\htdocs\ci_spp\system\Commands\Server\rewrite.php(49): require_once('C:\\xampp\\htdocs...')
#15 {main}

Next CodeIgniter\Database\Exceptions\DatabaseException: No connection could be made because the target machine actively refused it in C:\xampp\htdocs\ci_spp\system\Database\MySQLi\Connection.php:231
Stack trace:
#0 C:\xampp\htdocs\ci_spp\system\Database\BaseConnection.php(421): CodeIgniter\Database\MySQLi\Connection->connect(false)
#1 C:\xampp\htdocs\ci_spp\system\Database\BaseConnection.php(604): CodeIgniter\Database\BaseConnection->initialize()
#2 C:\xampp\htdocs\ci_spp\system\Database\BaseBuilder.php(1629): CodeIgniter\Database\BaseConnection->query('SELECT *\nFROM `...', Array, false)
#3 C:\xampp\htdocs\ci_spp\system\Model.php(275): CodeIgniter\Database\BaseBuilder->get()
#4 C:\xampp\htdocs\ci_spp\system\BaseModel.php(676): CodeIgniter\Model->doFindAll(0, 0)
#5 C:\xampp\htdocs\ci_spp\app\Models\Kelas_model.php(26): CodeIgniter\BaseModel->findAll()
#6 C:\xampp\htdocs\ci_spp\app\Controllers\Kelas.php(21): App\Models\Kelas_model->getAll()
#7 C:\xampp\htdocs\ci_spp\system\CodeIgniter.php(933): App\Controllers\Kelas->index()
#8 C:\xampp\htdocs\ci_spp\system\CodeIgniter.php(509): CodeIgniter\CodeIgniter->runController(Object(App\Controllers\Kelas))
#9 C:\xampp\htdocs\ci_spp\system\CodeIgniter.php(355): CodeIgniter\CodeIgniter->handleRequest(NULL, Object(Config\Cache), false)
#10 C:\xampp\htdocs\ci_spp\system\Boot.php(312): CodeIgniter\CodeIgniter->run()
#11 C:\xampp\htdocs\ci_spp\system\Boot.php(67): CodeIgniter\Boot::runCodeIgniter(Object(CodeIgniter\CodeIgniter))
#12 C:\xampp\htdocs\ci_spp\public\index.php(56): CodeIgniter\Boot::bootWeb(Object(Config\Paths))
#13 C:\xampp\htdocs\ci_spp\system\Commands\Server\rewrite.php(49): require_once('C:\\xampp\\htdocs...')
#14 {main}
CRITICAL - 2024-06-14 17:44:56 --> CodeIgniter\Database\Exceptions\DatabaseException: Unable to connect to the database.
Main connection [MySQLi]: No connection could be made because the target machine actively refused it
[Method: GET, Route: kelas]
in SYSTEMPATH\Database\BaseConnection.php on line 457.
 1 SYSTEMPATH\Database\BaseConnection.php(604): CodeIgniter\Database\BaseConnection->initialize()
 2 SYSTEMPATH\Database\BaseBuilder.php(1629): CodeIgniter\Database\BaseConnection->query('SELECT *
FROM `kelas`
ORDER BY `id_kelas` ASC', [], false)
 3 SYSTEMPATH\Model.php(275): CodeIgniter\Database\BaseBuilder->get()
 4 SYSTEMPATH\BaseModel.php(676): CodeIgniter\Model->doFindAll(0, 0)
 5 APPPATH\Models\Kelas_model.php(26): CodeIgniter\BaseModel->findAll()
 6 APPPATH\Controllers\Kelas.php(21): App\Models\Kelas_model->getAll()
 7 SYSTEMPATH\CodeIgniter.php(933): App\Controllers\Kelas->index()
 8 SYSTEMPATH\CodeIgniter.php(509): CodeIgniter\CodeIgniter->runController(Object(App\Controllers\Kelas))
 9 SYSTEMPATH\CodeIgniter.php(355): CodeIgniter\CodeIgniter->handleRequest(null, Object(Config\Cache), false)
10 SYSTEMPATH\Boot.php(312): CodeIgniter\CodeIgniter->run()
11 SYSTEMPATH\Boot.php(67): CodeIgniter\Boot::runCodeIgniter(Object(CodeIgniter\CodeIgniter))
12 FCPATH\index.php(56): CodeIgniter\Boot::bootWeb(Object(Config\Paths))
13 SYSTEMPATH\Commands\Server\rewrite.php(49): require_once('C:\\xampp\\htdocs\\ci_spp\\public\\index.php')
ERROR - 2024-06-14 17:45:00 --> Error connecting to the database: mysqli_sql_exception: No connection could be made because the target machine actively refused it in C:\xampp\htdocs\ci_spp\system\Database\MySQLi\Connection.php:186
Stack trace:
#0 C:\xampp\htdocs\ci_spp\system\Database\MySQLi\Connection.php(186): mysqli->real_connect('localhost', 'root', Object(SensitiveParameterValue), 'spp', 3306, '', 0)
#1 C:\xampp\htdocs\ci_spp\system\Database\BaseConnection.php(421): CodeIgniter\Database\MySQLi\Connection->connect(false)
#2 C:\xampp\htdocs\ci_spp\system\Database\BaseConnection.php(604): CodeIgniter\Database\BaseConnection->initialize()
#3 C:\xampp\htdocs\ci_spp\system\Database\BaseBuilder.php(1629): CodeIgniter\Database\BaseConnection->query('SELECT `siswa`....', Array, false)
#4 C:\xampp\htdocs\ci_spp\system\Model.php(275): CodeIgniter\Database\BaseBuilder->get()
#5 C:\xampp\htdocs\ci_spp\system\BaseModel.php(676): CodeIgniter\Model->doFindAll(0, 0)
#6 C:\xampp\htdocs\ci_spp\app\Models\Siswa_Model.php(51): CodeIgniter\BaseModel->findAll()
#7 C:\xampp\htdocs\ci_spp\app\Controllers\Siswa.php(32): App\Models\Siswa_model->getAll()
#8 C:\xampp\htdocs\ci_spp\system\CodeIgniter.php(933): App\Controllers\Siswa->index()
#9 C:\xampp\htdocs\ci_spp\system\CodeIgniter.php(509): CodeIgniter\CodeIgniter->runController(Object(App\Controllers\Siswa))
#10 C:\xampp\htdocs\ci_spp\system\CodeIgniter.php(355): CodeIgniter\CodeIgniter->handleRequest(NULL, Object(Config\Cache), false)
#11 C:\xampp\htdocs\ci_spp\system\Boot.php(312): CodeIgniter\CodeIgniter->run()
#12 C:\xampp\htdocs\ci_spp\system\Boot.php(67): CodeIgniter\Boot::runCodeIgniter(Object(CodeIgniter\CodeIgniter))
#13 C:\xampp\htdocs\ci_spp\public\index.php(56): CodeIgniter\Boot::bootWeb(Object(Config\Paths))
#14 C:\xampp\htdocs\ci_spp\system\Commands\Server\rewrite.php(49): require_once('C:\\xampp\\htdocs...')
#15 {main}

Next CodeIgniter\Database\Exceptions\DatabaseException: No connection could be made because the target machine actively refused it in C:\xampp\htdocs\ci_spp\system\Database\MySQLi\Connection.php:231
Stack trace:
#0 C:\xampp\htdocs\ci_spp\system\Database\BaseConnection.php(421): CodeIgniter\Database\MySQLi\Connection->connect(false)
#1 C:\xampp\htdocs\ci_spp\system\Database\BaseConnection.php(604): CodeIgniter\Database\BaseConnection->initialize()
#2 C:\xampp\htdocs\ci_spp\system\Database\BaseBuilder.php(1629): CodeIgniter\Database\BaseConnection->query('SELECT `siswa`....', Array, false)
#3 C:\xampp\htdocs\ci_spp\system\Model.php(275): CodeIgniter\Database\BaseBuilder->get()
#4 C:\xampp\htdocs\ci_spp\system\BaseModel.php(676): CodeIgniter\Model->doFindAll(0, 0)
#5 C:\xampp\htdocs\ci_spp\app\Models\Siswa_Model.php(51): CodeIgniter\BaseModel->findAll()
#6 C:\xampp\htdocs\ci_spp\app\Controllers\Siswa.php(32): App\Models\Siswa_model->getAll()
#7 C:\xampp\htdocs\ci_spp\system\CodeIgniter.php(933): App\Controllers\Siswa->index()
#8 C:\xampp\htdocs\ci_spp\system\CodeIgniter.php(509): CodeIgniter\CodeIgniter->runController(Object(App\Controllers\Siswa))
#9 C:\xampp\htdocs\ci_spp\system\CodeIgniter.php(355): CodeIgniter\CodeIgniter->handleRequest(NULL, Object(Config\Cache), false)
#10 C:\xampp\htdocs\ci_spp\system\Boot.php(312): CodeIgniter\CodeIgniter->run()
#11 C:\xampp\htdocs\ci_spp\system\Boot.php(67): CodeIgniter\Boot::runCodeIgniter(Object(CodeIgniter\CodeIgniter))
#12 C:\xampp\htdocs\ci_spp\public\index.php(56): CodeIgniter\Boot::bootWeb(Object(Config\Paths))
#13 C:\xampp\htdocs\ci_spp\system\Commands\Server\rewrite.php(49): require_once('C:\\xampp\\htdocs...')
#14 {main}
CRITICAL - 2024-06-14 17:45:00 --> CodeIgniter\Database\Exceptions\DatabaseException: Unable to connect to the database.
Main connection [MySQLi]: No connection could be made because the target machine actively refused it
[Method: GET, Route: siswa]
in SYSTEMPATH\Database\BaseConnection.php on line 457.
 1 SYSTEMPATH\Database\BaseConnection.php(604): CodeIgniter\Database\BaseConnection->initialize()
 2 SYSTEMPATH\Database\BaseBuilder.php(1629): CodeIgniter\Database\BaseConnection->query('SELECT `siswa`.*, `angkatan`.*, `jurusan`.*, `kelas`.*
FROM `siswa`
JOIN `angkatan` ON `siswa`.`angkatan` = `angkatan`.`id_angkatan`
JOIN `jurusan` ON `siswa`.`jurusan` = `jurusan`.`id_jurusan`
JOIN `kelas` ON `siswa`.`kelas` = `kelas`.`id_kelas`
ORDER BY `id_siswa` ASC', [], false)
 3 SYSTEMPATH\Model.php(275): CodeIgniter\Database\BaseBuilder->get()
 4 SYSTEMPATH\BaseModel.php(676): CodeIgniter\Model->doFindAll(0, 0)
 5 APPPATH\Models\Siswa_Model.php(51): CodeIgniter\BaseModel->findAll()
 6 APPPATH\Controllers\Siswa.php(32): App\Models\Siswa_model->getAll()
 7 SYSTEMPATH\CodeIgniter.php(933): App\Controllers\Siswa->index()
 8 SYSTEMPATH\CodeIgniter.php(509): CodeIgniter\CodeIgniter->runController(Object(App\Controllers\Siswa))
 9 SYSTEMPATH\CodeIgniter.php(355): CodeIgniter\CodeIgniter->handleRequest(null, Object(Config\Cache), false)
10 SYSTEMPATH\Boot.php(312): CodeIgniter\CodeIgniter->run()
11 SYSTEMPATH\Boot.php(67): CodeIgniter\Boot::runCodeIgniter(Object(CodeIgniter\CodeIgniter))
12 FCPATH\index.php(56): CodeIgniter\Boot::bootWeb(Object(Config\Paths))
13 SYSTEMPATH\Commands\Server\rewrite.php(49): require_once('C:\\xampp\\htdocs\\ci_spp\\public\\index.php')
INFO - 2024-06-14 17:45:17 --> Session: Class initialized using 'CodeIgniter\Session\Handlers\FileHandler' driver.
INFO - 2024-06-14 17:45:20 --> Session: Class initialized using 'CodeIgniter\Session\Handlers\FileHandler' driver.
INFO - 2024-06-14 17:45:23 --> Session: Class initialized using 'CodeIgniter\Session\Handlers\FileHandler' driver.
INFO - 2024-06-14 17:45:25 --> Session: Class initialized using 'CodeIgniter\Session\Handlers\FileHandler' driver.
INFO - 2024-06-14 17:47:27 --> Session: Class initialized using 'CodeIgniter\Session\Handlers\FileHandler' driver.
CRITICAL - 2024-06-14 17:51:59 --> ErrorException: Undefined variable $title
[Method: GET, Route: pembayaran]
in APPPATH\Views\templates\header.php on line 12.
 1 APPPATH\Views\templates\header.php(12): CodeIgniter\Debug\Exceptions->errorHandler(2, 'Undefined variable $title', 'C:\\xampp\\htdocs\\ci_spp\\app\\Views\\templates\\header.php', 12)
 2 SYSTEMPATH\View\View.php(234): include('C:\\xampp\\htdocs\\ci_spp\\app\\Views\\templates\\header.php')
 3 SYSTEMPATH\View\View.php(237): CodeIgniter\View\View->CodeIgniter\View\{closure}()
 4 SYSTEMPATH\Common.php(1171): CodeIgniter\View\View->render('templates/header', [], true)
 5 APPPATH\Controllers\Pembayaran.php(12): view('templates/header')
 6 SYSTEMPATH\CodeIgniter.php(933): App\Controllers\Pembayaran->index()
 7 SYSTEMPATH\CodeIgniter.php(509): CodeIgniter\CodeIgniter->runController(Object(App\Controllers\Pembayaran))
 8 SYSTEMPATH\CodeIgniter.php(355): CodeIgniter\CodeIgniter->handleRequest(null, Object(Config\Cache), false)
 9 SYSTEMPATH\Boot.php(312): CodeIgniter\CodeIgniter->run()
10 SYSTEMPATH\Boot.php(67): CodeIgniter\Boot::runCodeIgniter(Object(CodeIgniter\CodeIgniter))
11 FCPATH\index.php(56): CodeIgniter\Boot::bootWeb(Object(Config\Paths))
12 SYSTEMPATH\Commands\Server\rewrite.php(49): require_once('C:\\xampp\\htdocs\\ci_spp\\public\\index.php')
CRITICAL - 2024-06-14 17:52:37 --> ErrorException: Undefined variable $title
[Method: GET, Route: pembayaran]
in APPPATH\Views\templates\header.php on line 12.
 1 APPPATH\Views\templates\header.php(12): CodeIgniter\Debug\Exceptions->errorHandler(2, 'Undefined variable $title', 'C:\\xampp\\htdocs\\ci_spp\\app\\Views\\templates\\header.php', 12)
 2 SYSTEMPATH\View\View.php(234): include('C:\\xampp\\htdocs\\ci_spp\\app\\Views\\templates\\header.php')
 3 SYSTEMPATH\View\View.php(237): CodeIgniter\View\View->CodeIgniter\View\{closure}()
 4 SYSTEMPATH\Common.php(1171): CodeIgniter\View\View->render('templates/header', [], true)
 5 APPPATH\Controllers\Pembayaran.php(15): view('templates/header')
 6 SYSTEMPATH\CodeIgniter.php(933): App\Controllers\Pembayaran->index()
 7 SYSTEMPATH\CodeIgniter.php(509): CodeIgniter\CodeIgniter->runController(Object(App\Controllers\Pembayaran))
 8 SYSTEMPATH\CodeIgniter.php(355): CodeIgniter\CodeIgniter->handleRequest(null, Object(Config\Cache), false)
 9 SYSTEMPATH\Boot.php(312): CodeIgniter\CodeIgniter->run()
10 SYSTEMPATH\Boot.php(67): CodeIgniter\Boot::runCodeIgniter(Object(CodeIgniter\CodeIgniter))
11 FCPATH\index.php(56): CodeIgniter\Boot::bootWeb(Object(Config\Paths))
12 SYSTEMPATH\Commands\Server\rewrite.php(49): require_once('C:\\xampp\\htdocs\\ci_spp\\public\\index.php')
